This is pdfTeX, Version 3.14159265-2.6-1.40.18 (TeX Live 2017) (preloaded format=pdflatex 2017.5.23)  1 JUN 2018 10:43
entering extended mode
 restricted \write18 enabled.
 %&-line parsing enabled.
**wileyNJD-AMA.tex
(./wileyNJD-AMA.tex
LaTeX2e <2017-04-15>
Babel <3.10> and hyphenation patterns for 84 language(s) loaded.
(./WileyNJD-v2.cls
Document Class: WileyNJD-v2 2017/06/23 v0.2 Standard LaTeX document class for J
ournal
\job@temptoken=\toks14
(/usr/local/texlive/2017/texmf-dist/tex/latex/base/article.cls
Document Class: article 2014/09/29 v1.4h Standard LaTeX document class
(/usr/local/texlive/2017/texmf-dist/tex/latex/base/fleqn.clo
File: fleqn.clo 2016/12/29 v1.2a Standard LaTeX option (flush left equations)
\mathindent=\dimen102
Applying: [2015/01/01] Make \[ robust on input line 50.
LaTeX Info: Redefining \[ on input line 51.
Already applied: [0000/00/00] Make \[ robust on input line 62.
Applying: [2015/01/01] Make \] robust on input line 74.
LaTeX Info: Redefining \] on input line 75.
Already applied: [0000/00/00] Make \] robust on input line 83.
)
(/usr/local/texlive/2017/texmf-dist/tex/latex/base/size10.clo
File: size10.clo 2014/09/29 v1.4h Standard LaTeX file (size option)
)
\c@part=\count79
\c@section=\count80
\c@subsection=\count81
\c@subsubsection=\count82
\c@paragraph=\count83
\c@subparagraph=\count84
\c@figure=\count85
\c@table=\count86
\abovecaptionskip=\skip41
\belowcaptionskip=\skip42
\bibindent=\dimen103
)
(/usr/local/texlive/2017/texmf-dist/tex/latex/graphics/graphicx.sty
Package: graphicx 2014/10/28 v1.0g Enhanced LaTeX Graphics (DPC,SPQR)

(/usr/local/texlive/2017/texmf-dist/tex/latex/graphics/keyval.sty
Package: keyval 2014/10/28 v1.15 key=value parser (DPC)
\KV@toks@=\toks15
)
(/usr/local/texlive/2017/texmf-dist/tex/latex/graphics/graphics.sty
Package: graphics 2017/04/14 v1.1b Standard LaTeX Graphics (DPC,SPQR)

(/usr/local/texlive/2017/texmf-dist/tex/latex/graphics/trig.sty
Package: trig 2016/01/03 v1.10 sin cos tan (DPC)
)
(/usr/local/texlive/2017/texmf-dist/tex/latex/graphics-cfg/graphics.cfg
File: graphics.cfg 2016/06/04 v1.11 sample graphics configuration
)
Package graphics Info: Driver file: pdftex.def on input line 99.

(/usr/local/texlive/2017/texmf-dist/tex/latex/graphics-def/pdftex.def
File: pdftex.def 2017/01/12 v0.06k Graphics/color for pdfTeX

(/usr/local/texlive/2017/texmf-dist/tex/generic/oberdiek/infwarerr.sty
Package: infwarerr 2016/05/16 v1.4 Providing info/warning/error messages (HO)
)
(/usr/local/texlive/2017/texmf-dist/tex/generic/oberdiek/ltxcmds.sty
Package: ltxcmds 2016/05/16 v1.23 LaTeX kernel commands for general use (HO)
)
\Gread@gobject=\count87
))
\Gin@req@height=\dimen104
\Gin@req@width=\dimen105
)
(/usr/local/texlive/2017/texmf-dist/tex/latex/tools/multicol.sty
Package: multicol 2017/04/11 v1.8q multicolumn formatting (FMi)
\c@tracingmulticols=\count88
\mult@box=\box26
\multicol@leftmargin=\dimen106
\c@unbalance=\count89
\c@collectmore=\count90
\doublecol@number=\count91
\multicoltolerance=\count92
\multicolpretolerance=\count93
\full@width=\dimen107
\page@free=\dimen108
\premulticols=\dimen109
\postmulticols=\dimen110
\multicolsep=\skip43
\multicolbaselineskip=\skip44
\partial@page=\box27
\last@line=\box28
\maxbalancingoverflow=\dimen111
\mult@rightbox=\box29
\mult@grightbox=\box30
\mult@gfirstbox=\box31
\mult@firstbox=\box32
\@tempa=\box33
\@tempa=\box34
\@tempa=\box35
\@tempa=\box36
\@tempa=\box37
\@tempa=\box38
\@tempa=\box39
\@tempa=\box40
\@tempa=\box41
\@tempa=\box42
\@tempa=\box43
\@tempa=\box44
\@tempa=\box45
\@tempa=\box46
\@tempa=\box47
\@tempa=\box48
\@tempa=\box49
\c@columnbadness=\count94
\c@finalcolumnbadness=\count95
\last@try=\dimen112
\multicolovershoot=\dimen113
\multicolundershoot=\dimen114
\mult@nat@firstbox=\box50
\colbreak@box=\box51
\mc@col@check@num=\count96
)
(/usr/local/texlive/2017/texmf-dist/tex/latex/multirow/multirow.sty
Package: multirow 2016/11/25 v2.2 Span multiple rows of a table
\multirow@colwidth=\skip45
\multirow@cntb=\count97
\multirow@dima=\skip46
\bigstrutjot=\dimen115
)
(/usr/local/texlive/2017/texmf-dist/tex/latex/sttools/cuted.sty
Package: cuted 2012/10/04 v1.5 Mixing onecolumn and twocolumn modes
\At@ViperColsBreak=\toks16
\v@aaa=\box52
\v@ccc=\box53
\lastskip@a=\skip47
\lastskip@b=\skip48
\lastskip@d=\skip49
\lastbox@a=\box54
\stripsep=\skip50
\@viper=\box55
\viper@penalty=\count98
\hold@viper=\box56
\ht@viper=\dimen116
)
(/usr/local/texlive/2017/texmf-dist/tex/generic/oberdiek/ifpdf.sty
Package: ifpdf 2017/03/15 v3.2 Provides the ifpdf switch
)
(/usr/local/texlive/2017/texmf-dist/tex/latex/url/url.sty
\Urlmuskip=\muskip10
Package: url 2013/09/16  ver 3.4  Verb mode for urls, etc.
)
(/usr/local/texlive/2017/texmf-dist/tex/latex/changepage/changepage.sty
Package: changepage 2009/10/20 v1.0c check page and change page layout
\c@cp@cntr=\count99
\cp@tempcnt=\count100
)
(/usr/local/texlive/2017/texmf-dist/tex/latex/tools/calc.sty
Package: calc 2014/10/28 v4.3 Infix arithmetic (KKT,FJ)
\calc@Acount=\count101
\calc@Bcount=\count102
\calc@Adimen=\dimen117
\calc@Bdimen=\dimen118
\calc@Askip=\skip51
\calc@Bskip=\skip52
LaTeX Info: Redefining \setlength on input line 80.
LaTeX Info: Redefining \addtolength on input line 81.
\calc@Ccount=\count103
\calc@Cskip=\skip53
)
(/usr/local/texlive/2017/texmf-dist/tex/latex/xcolor/xcolor.sty
Package: xcolor 2016/05/11 v2.12 LaTeX color extensions (UK)

(/usr/local/texlive/2017/texmf-dist/tex/latex/graphics-cfg/color.cfg
File: color.cfg 2016/01/02 v1.6 sample color configuration
)
Package xcolor Info: Driver file: pdftex.def on input line 225.
Package xcolor Info: Model `cmy' substituted by `cmy0' on input line 1348.
Package xcolor Info: Model `hsb' substituted by `rgb' on input line 1352.
Package xcolor Info: Model `RGB' extended on input line 1364.
Package xcolor Info: Model `HTML' substituted by `rgb' on input line 1366.
Package xcolor Info: Model `Hsb' substituted by `hsb' on input line 1367.
Package xcolor Info: Model `tHsb' substituted by `hsb' on input line 1368.
Package xcolor Info: Model `HSB' substituted by `hsb' on input line 1369.
Package xcolor Info: Model `Gray' substituted by `gray' on input line 1370.
Package xcolor Info: Model `wave' substituted by `hsb' on input line 1371.
)
(/usr/local/texlive/2017/texmf-dist/tex/latex/float/float.sty
Package: float 2001/11/08 v1.3d Float enhancements (AL)
\c@float@type=\count104
\float@exts=\toks17
\float@box=\box57
\@float@everytoks=\toks18
\@floatcapt=\box58
)
(/usr/local/texlive/2017/texmf-dist/tex/latex/sttools/floatpag.sty
Package: floatpag 2012/05/29 v1.1 Different pagestyles on float pages
Package: floatpag 1999/04/29 FLOAT PAGESTYLE
)
(/usr/local/texlive/2017/texmf-dist/tex/latex/dblfloatfix/dblfloatfix.sty
Package: dblfloatfix 2012/12/31 v1.0a (JAW)

(/usr/local/texlive/2017/texmf-dist/tex/latex/base/fixltx2e.sty
Package: fixltx2e 2016/12/29 v2.1a fixes to LaTeX (obsolete)
Applying: [2015/01/01] Old fixltx2e package on input line 46.


Package fixltx2e Warning: fixltx2e is not required with releases after 2015
(fixltx2e)                All fixes are now in the LaTeX kernel.
(fixltx2e)                See the latexrelease package for details.

Already applied: [0000/00/00] Old fixltx2e package on input line 53.
)
\@dblbotnum=\count105
\c@dblbotnumber=\count106
) (/usr/local/texlive/2017/texmf-dist/tex/latex/graphics/rotating.sty
Package: rotating 2016/08/11 v2.16d rotated objects in LaTeX

(/usr/local/texlive/2017/texmf-dist/tex/latex/base/ifthen.sty
Package: ifthen 2014/09/29 v1.1c Standard LaTeX ifthen package (DPC)
)
\c@r@tfl@t=\count107
\rotFPtop=\skip54
\rotFPbot=\skip55
\rot@float@box=\box59
\rot@mess@toks=\toks19
)
(/usr/local/texlive/2017/texmf-dist/tex/latex/tools/longtable.sty
Package: longtable 2014/10/28 v4.11 Multi-page Table package (DPC)
\LTleft=\skip56
\LTright=\skip57
\LTpre=\skip58
\LTpost=\skip59
\LTchunksize=\count108
\LTcapwidth=\dimen119
\LT@head=\box60
\LT@firsthead=\box61
\LT@foot=\box62
\LT@lastfoot=\box63
\LT@cols=\count109
\LT@rows=\count110
\c@LT@tables=\count111
\c@LT@chunks=\count112
\LT@p@ftn=\toks20
)
(/usr/local/texlive/2017/texmf-dist/tex/generic/ulem/ulem.sty
\UL@box=\box64
\UL@hyphenbox=\box65
\UL@skip=\skip60
\UL@hook=\toks21
\UL@height=\dimen120
\UL@pe=\count113
\UL@pixel=\dimen121
\ULC@box=\box66
Package: ulem 2012/05/18
\ULdepth=\dimen122
)
(/usr/local/texlive/2017/texmf-dist/tex/latex/tools/enumerate.sty
Package: enumerate 2015/07/23 v3.00 enumerate extensions (DPC)
\@enLab=\toks22
)
(/usr/local/texlive/2017/texmf-dist/tex/latex/soul/soul.sty
Package: soul 2003/11/17 v2.4 letterspacing/underlining (mf)
\SOUL@word=\toks23
\SOUL@lasttoken=\toks24
\SOUL@cmds=\toks25
\SOUL@buffer=\toks26
\SOUL@token=\toks27
\SOUL@spaceskip=\skip61
\SOUL@ttwidth=\dimen123
\SOUL@uldp=\dimen124
\SOUL@ulht=\dimen125
)
(/usr/local/texlive/2017/texmf-dist/tex/latex/caption/caption.sty
Package: caption 2016/02/21 v3.3-144 Customizing captions (AR)

(/usr/local/texlive/2017/texmf-dist/tex/latex/caption/caption3.sty
Package: caption3 2016/05/22 v1.7-166 caption3 kernel (AR)
Package caption3 Info: TeX engine: e-TeX on input line 67.
\captionmargin=\dimen126
\captionmargin@=\dimen127
\captionwidth=\dimen128
\caption@tempdima=\dimen129
\caption@indent=\dimen130
\caption@parindent=\dimen131
\caption@hangindent=\dimen132
)
\c@ContinuedFloat=\count114
Package caption Info: float package is loaded.
Package caption Info: longtable package is loaded.

(/usr/local/texlive/2017/texmf-dist/tex/latex/caption/ltcaption.sty
Package: ltcaption 2013/06/09 v1.4-94 longtable captions (AR)
)
Package caption Info: rotating package is loaded.
)
(/usr/local/texlive/2017/texmf-dist/tex/latex/hyperref/hyperref.sty
Package: hyperref 2017/03/14 v6.85a Hypertext links for LaTeX

(/usr/local/texlive/2017/texmf-dist/tex/generic/oberdiek/hobsub-hyperref.sty
Package: hobsub-hyperref 2016/05/16 v1.14 Bundle oberdiek, subset hyperref (HO)


(/usr/local/texlive/2017/texmf-dist/tex/generic/oberdiek/hobsub-generic.sty
Package: hobsub-generic 2016/05/16 v1.14 Bundle oberdiek, subset generic (HO)
Package: hobsub 2016/05/16 v1.14 Construct package bundles (HO)
Package hobsub Info: Skipping package `infwarerr' (already loaded).
Package hobsub Info: Skipping package `ltxcmds' (already loaded).
Package: ifluatex 2016/05/16 v1.4 Provides the ifluatex switch (HO)
Package ifluatex Info: LuaTeX not detected.
Package: ifvtex 2016/05/16 v1.6 Detect VTeX and its facilities (HO)
Package ifvtex Info: VTeX not detected.
Package: intcalc 2016/05/16 v1.2 Expandable calculations with integers (HO)
Package hobsub Info: Skipping package `ifpdf' (already loaded).
Package: etexcmds 2016/05/16 v1.6 Avoid name clashes with e-TeX commands (HO)
Package etexcmds Info: Could not find \expanded.
(etexcmds)             That can mean that you are not using pdfTeX 1.50 or
(etexcmds)             that some package has redefined \expanded.
(etexcmds)             In the latter case, load this package earlier.
Package: kvsetkeys 2016/05/16 v1.17 Key value parser (HO)
Package: kvdefinekeys 2016/05/16 v1.4 Define keys (HO)
Package: pdftexcmds 2017/03/19 v0.25 Utility functions of pdfTeX for LuaTeX (HO
)
Package pdftexcmds Info: LuaTeX not detected.
Package pdftexcmds Info: \pdf@primitive is available.
Package pdftexcmds Info: \pdf@ifprimitive is available.
Package pdftexcmds Info: \pdfdraftmode found.
Package: pdfescape 2016/05/16 v1.14 Implements pdfTeX's escape features (HO)
Package: bigintcalc 2016/05/16 v1.4 Expandable calculations on big integers (HO
)
Package: bitset 2016/05/16 v1.2 Handle bit-vector datatype (HO)
Package: uniquecounter 2016/05/16 v1.3 Provide unlimited unique counter (HO)
)
Package hobsub Info: Skipping package `hobsub' (already loaded).
Package: letltxmacro 2016/05/16 v1.5 Let assignment for LaTeX macros (HO)
Package: hopatch 2016/05/16 v1.3 Wrapper for package hooks (HO)
Package: xcolor-patch 2016/05/16 xcolor patch
Package: atveryend 2016/05/16 v1.9 Hooks at the very end of document (HO)
Package atveryend Info: \enddocument detected (standard20110627).
Package: atbegshi 2016/06/09 v1.18 At begin shipout hook (HO)
Package: refcount 2016/05/16 v3.5 Data extraction from label references (HO)
Package: hycolor 2016/05/16 v1.8 Color options for hyperref/bookmark (HO)
)
(/usr/local/texlive/2017/texmf-dist/tex/generic/ifxetex/ifxetex.sty
Package: ifxetex 2010/09/12 v0.6 Provides ifxetex conditional
)
(/usr/local/texlive/2017/texmf-dist/tex/latex/oberdiek/auxhook.sty
Package: auxhook 2016/05/16 v1.4 Hooks for auxiliary files (HO)
)
(/usr/local/texlive/2017/texmf-dist/tex/latex/oberdiek/kvoptions.sty
Package: kvoptions 2016/05/16 v3.12 Key value format for package options (HO)
)
\@linkdim=\dimen133
\Hy@linkcounter=\count115
\Hy@pagecounter=\count116

(/usr/local/texlive/2017/texmf-dist/tex/latex/hyperref/pd1enc.def
File: pd1enc.def 2017/03/14 v6.85a Hyperref: PDFDocEncoding definition (HO)
)
\Hy@SavedSpaceFactor=\count117

(/usr/local/texlive/2017/texmf-dist/tex/latex/latexconfig/hyperref.cfg
File: hyperref.cfg 2002/06/06 v1.2 hyperref configuration of TeXLive
)
Package hyperref Info: Hyper figures OFF on input line 4498.
Package hyperref Info: Link nesting OFF on input line 4503.
Package hyperref Info: Hyper index ON on input line 4506.
Package hyperref Info: Plain pages OFF on input line 4513.
Package hyperref Info: Backreferencing OFF on input line 4518.
Package hyperref Info: Implicit mode ON; LaTeX internals redefined.
Package hyperref Info: Bookmarks ON on input line 4751.
\c@Hy@tempcnt=\count118
LaTeX Info: Redefining \url on input line 5104.
\XeTeXLinkMargin=\dimen134
\Fld@menulength=\count119
\Field@Width=\dimen135
\Fld@charsize=\dimen136
Package hyperref Info: Hyper figures OFF on input line 6358.
Package hyperref Info: Link nesting OFF on input line 6363.
Package hyperref Info: Hyper index ON on input line 6366.
Package hyperref Info: backreferencing OFF on input line 6373.
Package hyperref Info: Link coloring OFF on input line 6378.
Package hyperref Info: Link coloring with OCG OFF on input line 6383.
Package hyperref Info: PDF/A mode OFF on input line 6388.
LaTeX Info: Redefining \ref on input line 6428.
LaTeX Info: Redefining \pageref on input line 6432.
\Hy@abspage=\count120
\c@Item=\count121
\c@Hfootnote=\count122
)

Package hyperref Message: Driver (autodetected): hpdftex.

(/usr/local/texlive/2017/texmf-dist/tex/latex/hyperref/hpdftex.def
File: hpdftex.def 2017/03/14 v6.85a Hyperref driver for pdfTeX
\Fld@listcount=\count123
\c@bookmark@seq@number=\count124

(/usr/local/texlive/2017/texmf-dist/tex/latex/oberdiek/rerunfilecheck.sty
Package: rerunfilecheck 2016/05/16 v1.8 Rerun checks for auxiliary files (HO)
Package uniquecounter Info: New unique counter `rerunfilecheck' on input line 2
82.
)
\Hy@SectionHShift=\skip62
)
Package hyperref Info: Option `bookmarksopen' set `true' on input line 271.

(/usr/local/texlive/2017/texmf-dist/tex/latex/oberdiek/bookmark.sty
Package: bookmark 2016/05/17 v1.26 PDF bookmarks (HO)

(/usr/local/texlive/2017/texmf-dist/tex/latex/oberdiek/bkm-pdftex.def
File: bkm-pdftex.def 2016/05/17 v1.26 bookmark driver for pdfTeX (HO)
\BKM@id=\count125
))
(/usr/local/texlive/2017/texmf-dist/tex/latex/oberdiek/twoopt.sty
Package: twoopt 2016/05/16 v1.6 Definitions with two optional arguments (HO)
)
(/usr/local/texlive/2017/texmf-dist/tex/latex/footmisc/footmisc.sty
Package: footmisc 2011/06/06 v5.5b a miscellany of footnote facilities
\FN@temptoken=\toks28
\footnotemargin=\dimen137
\c@pp@next@reset=\count126
Package footmisc Info: Declaring symbol style bringhurst on input line 855.
Package footmisc Info: Declaring symbol style chicago on input line 863.
Package footmisc Info: Declaring symbol style wiley on input line 872.
Package footmisc Info: Declaring symbol style lamport-robust on input line 883.

Package footmisc Info: Declaring symbol style lamport* on input line 903.
Package footmisc Info: Declaring symbol style lamport*-robust on input line 924
.
)
(/usr/local/texlive/2017/texmf-dist/tex/latex/tools/tabularx.sty
Package: tabularx 2016/02/03 v2.11 `tabularx' package (DPC)

(/usr/local/texlive/2017/texmf-dist/tex/latex/tools/array.sty
Package: array 2016/10/06 v2.4d Tabular extension package (FMi)
\col@sep=\dimen138
\extrarowheight=\dimen139
\NC@list=\toks29
\extratabsurround=\skip63
\backup@length=\skip64
)
\TX@col@width=\dimen140
\TX@old@table=\dimen141
\TX@old@col=\dimen142
\TX@target=\dimen143
\TX@delta=\dimen144
\TX@cols=\count127
\TX@ftn=\toks30
)
\tfboxrule=\dimen145
\bfboxrule=\dimen146
\BXRuleThickness=\dimen147
\BXleftrightskipdimen=\dimen148
\BXhsize=\dimen149
\FreePageSpace=\dimen150
\ovsize=\dimen151
\adjustskip=\skip65
\BXbox=\box67
\xxptspaceamount=\skip66
\BXboxoutbnewskip=\skip67
\BXdim=\dimen152
\BXgraybox=\box68

(/usr/local/texlive/2017/texmf-dist/tex/latex/varwidth/varwidth.sty
Package: varwidth 2009/03/30 ver 0.92;  Variable-width minipages
\@vwid@box=\box69
\sift@deathcycles=\count128
\@vwid@loff=\dimen153
\@vwid@roff=\dimen154
)
(/usr/local/texlive/2017/texmf-dist/tex/latex/tools/dcolumn.sty
Package: dcolumn 2014/10/28 v1.06 decimal alignment package (DPC)
)
(/usr/local/texlive/2017/texmf-dist/tex/latex/stix/stix.sty
Package: stix 2015/04/17 v1.1.2-latex STIX fonts support package
LaTeX Font Info:    Redeclaring symbol font `letters' on input line 76.
LaTeX Font Info:    Encoding `OML' has changed to `LS1' for symbol font
(Font)              `letters' in the math version `normal' on input line 76.
LaTeX Font Info:    Overwriting symbol font `letters' in version `normal'
(Font)                  OML/cmm/m/it --> LS1/stix/m/it on input line 76.
LaTeX Font Info:    Encoding `OML' has changed to `LS1' for symbol font
(Font)              `letters' in the math version `bold' on input line 76.
LaTeX Font Info:    Overwriting symbol font `letters' in version `bold'
(Font)                  OML/cmm/b/it --> LS1/stix/m/it on input line 76.
LaTeX Font Info:    Redeclaring symbol font `operators' on input line 77.
LaTeX Font Info:    Encoding `OT1' has changed to `LS1' for symbol font
(Font)              `operators' in the math version `normal' on input line 77.
LaTeX Font Info:    Overwriting symbol font `operators' in version `normal'
(Font)                  OT1/cmr/m/n --> LS1/stix/m/n on input line 77.
LaTeX Font Info:    Encoding `OT1' has changed to `LS1' for symbol font
(Font)              `operators' in the math version `bold' on input line 77.
LaTeX Font Info:    Overwriting symbol font `operators' in version `bold'
(Font)                  OT1/cmr/bx/n --> LS1/stix/m/n on input line 77.
\symbold-operators=\mathgroup4
LaTeX Font Info:    Redeclaring symbol font `symbols' on input line 79.
LaTeX Font Info:    Encoding `OMS' has changed to `LS1' for symbol font
(Font)              `symbols' in the math version `normal' on input line 79.
LaTeX Font Info:    Overwriting symbol font `symbols' in version `normal'
(Font)                  OMS/cmsy/m/n --> LS1/stixscr/m/n on input line 79.
LaTeX Font Info:    Encoding `OMS' has changed to `LS1' for symbol font
(Font)              `symbols' in the math version `bold' on input line 79.
LaTeX Font Info:    Overwriting symbol font `symbols' in version `bold'
(Font)                  OMS/cmsy/b/n --> LS1/stixscr/m/n on input line 79.
\symsymbols2=\mathgroup5
\symsymbols3=\mathgroup6
\symsymbols4=\mathgroup7
\symintegrals=\mathgroup8
LaTeX Font Info:    Redeclaring symbol font `largesymbols' on input line 84.
LaTeX Font Info:    Encoding `OMX' has changed to `LS2' for symbol font
(Font)              `largesymbols' in the math version `normal' on input line 8
4.
LaTeX Font Info:    Overwriting symbol font `largesymbols' in version `normal'
(Font)                  OMX/cmex/m/n --> LS2/stixex/m/n on input line 84.
LaTeX Font Info:    Encoding `OMX' has changed to `LS2' for symbol font
(Font)              `largesymbols' in the math version `bold' on input line 84.

LaTeX Font Info:    Overwriting symbol font `largesymbols' in version `bold'
(Font)                  OMX/cmex/m/n --> LS2/stixex/m/n on input line 84.
\symarrows1=\mathgroup9
\symarrows2=\mathgroup10
\symarrows3=\mathgroup11
LaTeX Font Info:    Overwriting symbol font `letters' in version `bold'
(Font)                  LS1/stix/m/it --> LS1/stix/b/it on input line 88.
LaTeX Font Info:    Overwriting symbol font `operators' in version `bold'
(Font)                  LS1/stix/m/n --> LS1/stix/b/n on input line 89.
LaTeX Font Info:    Overwriting symbol font `symbols' in version `bold'
(Font)                  LS1/stixscr/m/n --> LS1/stixscr/b/n on input line 90.
LaTeX Font Info:    Overwriting symbol font `symbols2' in version `bold'
(Font)                  LS1/stixfrak/m/n --> LS1/stixfrak/b/n on input line 91.

LaTeX Font Info:    Overwriting symbol font `symbols3' in version `bold'
(Font)                  LS1/stixbb/m/n --> LS1/stixbb/b/n on input line 92.
LaTeX Font Info:    Overwriting symbol font `symbols4' in version `bold'
(Font)                  LS1/stixbb/m/it --> LS1/stixbb/b/it on input line 93.
LaTeX Font Info:    Overwriting symbol font `integrals' in version `bold'
(Font)                  LS2/stixcal/m/n --> LS2/stixcal/b/n on input line 94.
LaTeX Font Info:    Overwriting symbol font `largesymbols' in version `bold'
(Font)                  LS2/stixex/m/n --> LS2/stixex/b/n on input line 95.
LaTeX Font Info:    Overwriting symbol font `arrows1' in version `bold'
(Font)                  LS1/stixsf/m/n --> LS1/stixsf/b/n on input line 96.
LaTeX Font Info:    Overwriting symbol font `arrows2' in version `bold'
(Font)                  LS1/stixsf/m/it --> LS1/stixsf/b/it on input line 97.
LaTeX Font Info:    Overwriting symbol font `arrows3' in version `bold'
(Font)                  LS2/stixtt/m/n --> LS2/stixtt/b/n on input line 98.
LaTeX Font Info:    Redeclaring math alphabet \mathit on input line 99.
LaTeX Font Info:    Redeclaring math alphabet \mathsf on input line 106.
LaTeX Font Info:    Redeclaring math alphabet \mathtt on input line 108.
LaTeX Font Info:    Redeclaring math alphabet \mathbf on input line 109.
LaTeX Info: Redefining \vdots on input line 1518.
LaTeX Info: Redefining \cdots on input line 1522.
LaTeX Info: Redefining \not on input line 2144.
)
(/usr/local/texlive/2017/texmf-dist/tex/latex/base/fontenc.sty
Package: fontenc 2017/04/05 v2.0i Standard LaTeX package

(/usr/local/texlive/2017/texmf-dist/tex/latex/base/t1enc.def
File: t1enc.def 2017/04/05 v2.0i Standard LaTeX file
LaTeX Font Info:    Redeclaring font encoding T1 on input line 48.
))
\trimwidth=\skip68
\trimheight=\skip69
\typewidth=\skip70
\typeheight=\skip71
\normaltextheight=\skip72
\blindfoliodrop=\skip73
\figheight=\skip74
\figwidth=\skip75
\tabledim=\skip76
\columnhsizevalue=\dimen155
\abs@coli@hsize=\skip77
\abs@colii@hsize=\skip78

(/usr/local/texlive/2017/texmf-dist/tex/latex/geometry/geometry.sty
Package: geometry 2010/09/12 v5.6 Page Geometry
\Gm@cnth=\count129
\Gm@cntv=\count130
\c@Gm@tempcnt=\count131
\Gm@bindingoffset=\dimen156
\Gm@wd@mp=\dimen157
\Gm@odd@mp=\dimen158
\Gm@even@mp=\dimen159
\Gm@layoutwidth=\dimen160
\Gm@layoutheight=\dimen161
\Gm@layouthoffset=\dimen162
\Gm@layoutvoffset=\dimen163
\Gm@dimlist=\toks31
)
\parindentvalue=\dimen164
\pageheight=\dimen165
\rulecount=\count132
\leftcolrulepos=\dimen166
\rightcolrulepos=\dimen167

(/usr/local/texlive/2017/texmf-dist/tex/latex/eso-pic/showframe.sty
Package: showframe 2011/02/24 v0.1i showframe (new impl., RN)

(/usr/local/texlive/2017/texmf-dist/tex/latex/eso-pic/eso-pic.sty
Package: eso-pic 2015/07/21 v2.0g eso-pic (RN)
))
\artopleftskipdim=\dimen168
\@xmlpage=\write3
\c@spagecounter=\count133
\c@lpagecounter=\count134
LaTeX Info: Redefining \rm on input line 1294.
LaTeX Info: Redefining \sf on input line 1295.
LaTeX Info: Redefining \tt on input line 1296.
LaTeX Info: Redefining \bf on input line 1297.
LaTeX Info: Redefining \it on input line 1298.
LaTeX Info: Redefining \sl on input line 1299.
LaTeX Info: Redefining \sc on input line 1300.
LaTeX Info: Redefining \cal on input line 1301.
LaTeX Info: Redefining \mit on input line 1302.
\aucount=\count135
\corrauthcount=\count136
\authfncnt=\count137
\authfnTmpCnt=\count138
\aufootnotemark=\box70
\authmarkbox=\box71
\c@affn=\count139
\addcount=\count140
\emailcount=\count141
\punctcount=\count142
\foot@titlepage@raise@skip=\skip79
\lastauthorcnt=\count143
\fundinginfocount=\count144
\commafundinginfocount=\count145
\fundinginfotempcount=\count146
\tempfundinginfocount=\count147
\JELinfocount=\count148
\commaJELinfocount=\count149
\JELinfotempcount=\count150
\tempJELinfocount=\count151
\htftbox=\box72
\ovsize=\dimen169
\oovsize=\dimen170
\FreePageSpace=\dimen171
\FreePageSpaceTest=\dimen172
\fadjskip=\skip80
\adjustskip=\skip81
\titleskip=\skip82
\abs@boxa=\box73
\abs@boxb=\box74
\abs@boxc=\box75
\abs@dima=\dimen173
\abs@dimb=\dimen174
\abs@dimc=\dimen175
\adjtitleskip=\skip83
\c@chapter=\count152
\secruleskip=\skip84
\rhverticalsep=\skip85

(./NJDnatbib.sty
Package: NJDnatbib 2010/09/13 8.31b (PWD, AO)
\bibhang=\skip86
\bibsep=\skip87
LaTeX Info: Redefining \cite on input line 700.
\c@NAT@ctr=\count153
)
\c@scheme=\count154

(/usr/local/texlive/2017/texmf-dist/tex/latex/booktabs/booktabs.sty
Package: booktabs 2016/04/27 v1.618033 publication quality tables
\heavyrulewidth=\dimen176
\lightrulewidth=\dimen177
\cmidrulewidth=\dimen178
\belowrulesep=\dimen179
\belowbottomsep=\dimen180
\aboverulesep=\dimen181
\abovetopsep=\dimen182
\cmidrulesep=\dimen183
\cmidrulekern=\dimen184
\defaultaddspace=\dimen185
\@cmidla=\count155
\@cmidlb=\count156
\@aboverulesep=\dimen186
\@belowrulesep=\dimen187
\@thisruleclass=\count157
\@lastruleclass=\count158
\@thisrulewidth=\dimen188
)
(/usr/local/texlive/2017/texmf-dist/tex/latex/amsmath/amsmath.sty
Package: amsmath 2016/11/05 v2.16a AMS math features
\@mathmargin=\skip88

For additional information on amsmath, use the `?' option.
(/usr/local/texlive/2017/texmf-dist/tex/latex/amsmath/amstext.sty
Package: amstext 2000/06/29 v2.01 AMS text

(/usr/local/texlive/2017/texmf-dist/tex/latex/amsmath/amsgen.sty
File: amsgen.sty 1999/11/30 v2.0 generic functions
\@emptytoks=\toks32
\ex@=\dimen189
))
(/usr/local/texlive/2017/texmf-dist/tex/latex/amsmath/amsbsy.sty
Package: amsbsy 1999/11/29 v1.2d Bold Symbols
\pmbraise@=\dimen190
)
(/usr/local/texlive/2017/texmf-dist/tex/latex/amsmath/amsopn.sty
Package: amsopn 2016/03/08 v2.02 operator names
)
\inf@bad=\count159
LaTeX Info: Redefining \frac on input line 213.
\uproot@=\count160
\leftroot@=\count161
LaTeX Info: Redefining \overline on input line 375.
\classnum@=\count162
\DOTSCASE@=\count163
LaTeX Info: Redefining \ldots on input line 472.
LaTeX Info: Redefining \dots on input line 475.
\Mathstrutbox@=\box76
\strutbox@=\box77
\big@size=\dimen191
LaTeX Font Info:    Redeclaring font encoding OML on input line 712.
LaTeX Font Info:    Redeclaring font encoding OMS on input line 713.
\macc@depth=\count164
\c@MaxMatrixCols=\count165
\dotsspace@=\muskip11
\c@parentequation=\count166
\dspbrk@lvl=\count167
\tag@help=\toks33
\row@=\count168
\column@=\count169
\maxfields@=\count170
\andhelp@=\toks34
\eqnshift@=\dimen192
\alignsep@=\dimen193
\tagshift@=\dimen194
\tagwidth@=\dimen195
\totwidth@=\dimen196
\lineht@=\dimen197
\@envbody=\toks35
\multlinegap=\skip89
\multlinetaggap=\skip90
\mathdisplay@stack=\toks36
LaTeX Info: Redefining \[ on input line 2817.
LaTeX Info: Redefining \] on input line 2818.
)
(/usr/local/texlive/2017/texmf-dist/tex/latex/amscls/amsthm.sty
Package: amsthm 2015/03/04 v2.20.2
\thm@style=\toks37
\thm@bodyfont=\toks38
\thm@headfont=\toks39
\thm@notefont=\toks40
\thm@headpunct=\toks41
\thm@preskip=\skip91
\thm@postskip=\skip92
\thm@headsep=\skip93
\dth@everypar=\toks42
)
\c@theorem=\count171
\c@construction=\count172
\c@estimate=\count173
\c@lemma=\count174
\c@corollary=\count175
\c@result=\count176
\c@algth=\count177
\c@proposition=\count178
\c@hypothesis=\count179
\c@experiment=\count180
\c@LWrule=\count181
\c@procedure=\count182
\c@assertion=\count183
\c@axiom=\count184
\c@conjecture=\count185
\c@criterion=\count186
\c@reduction=\count187
\c@sublemma=\count188
\c@case=\count189
\c@remark=\count190
\c@notation=\count191
\c@answer=\count192
\c@base=\count193
\c@claim=\count194
\c@ccomment=\count195
\c@subproof=\count196
\c@conclusion=\count197
\c@observation=\count198
\c@subcase=\count199
\c@step=\count266
\c@summary=\count267
\c@definition=\count268
\c@condition=\count269
\c@property=\count270
\c@problem=\count271
\c@fact=\count272
\c@assumption=\count273
\c@eexample=\count274
\c@model=\count275
\c@affirmation=\count276
\c@application=\count277
\c@convention=\count278
\c@discussion=\count279
\c@exercise=\count280
\c@question=\count281
\c@scholium=\count282
\c@terminology=\count283
\c@printcitcnt=\count284
\c@@pps=\count285
\c@@ppsavesec=\count286
\c@@ppsaveapp=\count287

(/usr/local/texlive/2017/texmf-dist/tex/latex/algorithms/algorithm.sty
Package: algorithm 2009/08/24 v0.1 Document Style `algorithm' - floating enviro
nment
\@float@every@algorithm=\toks43
\c@algorithm=\count288
)
(/usr/local/texlive/2017/texmf-dist/tex/latex/algorithmicx/algorithmicx.sty
Package: algorithmicx 2005/04/27 v1.2 Algorithmicx

Document Style algorithmicx 1.2 - a greatly improved `algorithmic' style
\c@ALG@line=\count289
\c@ALG@rem=\count290
\c@ALG@nested=\count291
\ALG@tlm=\skip94
\ALG@thistlm=\skip95
\c@ALG@Lnr=\count292
\c@ALG@blocknr=\count293
\c@ALG@storecount=\count294
\c@ALG@tmpcounter=\count295
\ALG@tmplength=\skip96
) (/usr/local/texlive/2017/texmf-dist/tex/latex/algorithmicx/algpseudocode.sty
Package: algpseudocode 

Document Style - pseudocode environments for use with the `algorithmicx' style
) (/usr/local/texlive/2017/texmf-dist/tex/latex/listings/listings.sty
\lst@mode=\count296
\lst@gtempboxa=\box78
\lst@token=\toks44
\lst@length=\count297
\lst@currlwidth=\dimen198
\lst@column=\count298
\lst@pos=\count299
\lst@lostspace=\dimen199
\lst@width=\dimen256
\lst@newlines=\count300
\lst@lineno=\count301
\lst@maxwidth=\dimen257

(/usr/local/texlive/2017/texmf-dist/tex/latex/listings/lstmisc.sty
File: lstmisc.sty 2015/06/04 1.6 (Carsten Heinz)
\c@lstnumber=\count302
\lst@skipnumbers=\count303
\lst@framebox=\box79
)
(/usr/local/texlive/2017/texmf-dist/tex/latex/listings/listings.cfg
File: listings.cfg 2015/06/04 1.6 listings configuration
))
Package: listings 2015/06/04 1.6 (Carsten Heinz)

(/usr/local/texlive/2017/texmf-dist/tex/latex/base/alltt.sty
Package: alltt 1997/06/16 v2.0g defines alltt environment
)
\jnlcitationbox=\box80
\jnlcithsize=\dimen258

(/usr/local/texlive/2017/texmf-dist/tex/latex/wrapfig/wrapfig.sty
\wrapoverhang=\dimen259
\WF@size=\dimen260
\c@WF@wrappedlines=\count304
\WF@box=\box81
\WF@everypar=\toks45
Package: wrapfig 2003/01/31  v 3.6
)
\wraplines=\count305
\@authorfigbox=\box82
\@authorfigboxdim=\skip97
\biofigadjskip=\skip98
)

LaTeX Warning: Unused global option(s):
    [AMA,STIX1COL].

(./wileyNJD-AMA.aux)
\openout1 = `wileyNJD-AMA.aux'.

LaTeX Font Info:    Checking defaults for OML/cmm/m/it on input line 11.
LaTeX Font Info:    ... okay on input line 11.
LaTeX Font Info:    Checking defaults for T1/cmr/m/n on input line 11.
LaTeX Font Info:    ... okay on input line 11.
LaTeX Font Info:    Checking defaults for OT1/cmr/m/n on input line 11.
LaTeX Font Info:    ... okay on input line 11.
LaTeX Font Info:    Checking defaults for OMS/cmsy/m/n on input line 11.
LaTeX Font Info:    ... okay on input line 11.
LaTeX Font Info:    Checking defaults for OMX/cmex/m/n on input line 11.
LaTeX Font Info:    ... okay on input line 11.
LaTeX Font Info:    Checking defaults for U/cmr/m/n on input line 11.
LaTeX Font Info:    ... okay on input line 11.
LaTeX Font Info:    Checking defaults for PD1/pdf/m/n on input line 11.
LaTeX Font Info:    ... okay on input line 11.
LaTeX Font Info:    Checking defaults for LS1/stix/m/n on input line 11.
LaTeX Font Info:    Try loading font information for LS1+stix on input line 11.


(/usr/local/texlive/2017/texmf-dist/tex/latex/stix/ls1stix.fd
File: ls1stix.fd 2015/04/17 v1.1.2-latex STIX LS1 font definitions
)
LaTeX Font Info:    ... okay on input line 11.
LaTeX Font Info:    Checking defaults for LS2/stix/m/n on input line 11.
LaTeX Font Info:    Try loading font information for LS2+stix on input line 11.


(/usr/local/texlive/2017/texmf-dist/tex/latex/stix/ls2stix.fd
File: ls2stix.fd 2015/04/17 v1.1.2-latex STIX LS2 font definitions
)
LaTeX Font Info:    ... okay on input line 11.
LaTeX Font Info:    Try loading font information for T1+stix on input line 11.

(/usr/local/texlive/2017/texmf-dist/tex/latex/stix/t1stix.fd
File: t1stix.fd 2015/04/17 v1.1.2-latex STIX T1 font definitions
)
(/usr/local/texlive/2017/texmf-dist/tex/context/base/mkii/supp-pdf.mkii
[Loading MPS to PDF converter (version 2006.09.02).]
\scratchcounter=\count306
\scratchdimen=\dimen261
\scratchbox=\box83
\nofMPsegments=\count307
\nofMParguments=\count308
\everyMPshowfont=\toks46
\MPscratchCnt=\count309
\MPscratchDim=\dimen262
\MPnumerator=\count310
\makeMPintoPDFobject=\count311
\everyMPtoPDFconversion=\toks47
) (/usr/local/texlive/2017/texmf-dist/tex/latex/oberdiek/epstopdf-base.sty
Package: epstopdf-base 2016/05/15 v2.6 Base part for package epstopdf

(/usr/local/texlive/2017/texmf-dist/tex/latex/oberdiek/grfext.sty
Package: grfext 2016/05/16 v1.2 Manage graphics extensions (HO)
)
Package epstopdf-base Info: Redefining graphics rule for `.eps' on input line 4
38.
Package grfext Info: Graphics extension search list:
(grfext)             [.png,.pdf,.jpg,.mps,.jpeg,.jbig2,.jb2,.PNG,.PDF,.JPG,.JPE
G,.JBIG2,.JB2,.eps]
(grfext)             \AppendGraphicsExtensions on input line 456.

(/usr/local/texlive/2017/texmf-dist/tex/latex/latexconfig/epstopdf-sys.cfg
File: epstopdf-sys.cfg 2010/07/13 v1.3 Configuration of (r)epstopdf for TeX Liv
e
))
Package caption Info: Begin \AtBeginDocument code.
Package caption Info: hyperref package is loaded.
Package caption Info: listings package is loaded.
Package caption Info: wrapfig package is loaded.
Package caption Info: End \AtBeginDocument code.
\AtBeginShipoutBox=\box84
Package hyperref Info: Link coloring OFF on input line 11.

(/usr/local/texlive/2017/texmf-dist/tex/latex/hyperref/nameref.sty
Package: nameref 2016/05/21 v2.44 Cross-referencing by name of section

(/usr/local/texlive/2017/texmf-dist/tex/generic/oberdiek/gettitlestring.sty
Package: gettitlestring 2016/05/16 v1.5 Cleanup title references (HO)
)
\c@section@level=\count312
)
LaTeX Info: Redefining \ref on input line 11.
LaTeX Info: Redefining \pageref on input line 11.
LaTeX Info: Redefining \nameref on input line 11.

*geometry* driver: auto-detecting
*geometry* detected driver: pdftex
*geometry* verbose mode - [ preamble ] result:
* driver: pdftex
* paper: custom
* layout: <same size as paper>
* layoutoffset:(h,v)=(0.0pt,0.0pt)
* hratio: 1:1
* vratio: 1:1
* modes: twoside 
* h-part:(L,W,R)=(45.0pt, 507.50787pt, 45.0pt)
* v-part:(T,H,B)=(57.5pt, 668.79605pt, 59.0pt)
* \paperwidth=597.50787pt
* \paperheight=785.29605pt
* \textwidth=507.50787pt
* \textheight=668.79605pt
* \oddsidemargin=-27.26999pt
* \evensidemargin=-27.26999pt
* \topmargin=-46.76999pt
* \headheight=21.0pt
* \headsep=11.0pt
* \topskip=6.0pt
* \footskip=48.5pt
* \marginparwidth=0.0pt
* \marginparsep=0.0pt
* \columnsep=0.0pt
* \skip\footins=18.0pt plus 2.0pt minus 2.0pt
* \hoffset=0.0pt
* \voffset=0.0pt
* \mag=1000
* \@twocolumnfalse
* \@twosidetrue
* \@mparswitchtrue
* \@reversemarginfalse
* (1in=72.27pt=25.4mm, 1cm=28.453pt)

\c@lstlisting=\count313
LaTeX Font Info:    Font shape `T1/stix/bx/n' in size <9> not available
(Font)              Font shape `T1/stix/b/n' tried instead on input line 48.
LaTeX Font Info:    Font shape `T1/stix/bx/n' in size <18> not available
(Font)              Font shape `T1/stix/b/n' tried instead on input line 48.
LaTeX Font Info:    Calculating math sizes for size <18> on input line 48.
LaTeX Font Info:    Try loading font information for LS1+stixscr on input line 
48.
(/usr/local/texlive/2017/texmf-dist/tex/latex/stix/ls1stixscr.fd
File: ls1stixscr.fd 2015/04/17 v1.1.2-latex STIX script LS1 font definitions
)
LaTeX Font Info:    Try loading font information for LS2+stixex on input line 4
8.

(/usr/local/texlive/2017/texmf-dist/tex/latex/stix/ls2stixex.fd
File: ls2stixex.fd 2015/04/17 v1.1.2-latex STIX extentions LS2 font definitions

)
LaTeX Font Info:    Try loading font information for LS1+stixfrak on input line
 48.

(/usr/local/texlive/2017/texmf-dist/tex/latex/stix/ls1stixfrak.fd
File: ls1stixfrak.fd 2015/04/17 v1.1.2-latex STIX fraktur LS1 font definitions
)
LaTeX Font Info:    Try loading font information for LS1+stixbb on input line 4
8.

(/usr/local/texlive/2017/texmf-dist/tex/latex/stix/ls1stixbb.fd
File: ls1stixbb.fd 2015/04/17 v1.1.2-latex STIX blackboard LS1 font definitions

)
LaTeX Font Info:    Try loading font information for LS2+stixcal on input line 
48.

(/usr/local/texlive/2017/texmf-dist/tex/latex/stix/ls2stixcal.fd
File: ls2stixcal.fd 2015/04/17 v1.1.2-latex STIX calligraphic LS2 font definiti
ons
)
LaTeX Font Info:    Try loading font information for LS1+stixsf on input line 4
8.

(/usr/local/texlive/2017/texmf-dist/tex/latex/stix/ls1stixsf.fd
File: ls1stixsf.fd 2015/04/17 v1.1.2-latex STIX sans-serif LS1 font definitions

)
LaTeX Font Info:    Try loading font information for LS2+stixtt on input line 4
8.

(/usr/local/texlive/2017/texmf-dist/tex/latex/stix/ls2stixtt.fd
File: ls2stixtt.fd 2015/04/17 v1.1.2-latex STIX typewriter LS2 font definitions

)

Package hyperref Warning: Token not allowed in a PDF string (PDFDocEncoding):
(hyperref)                removing `\@ifnextchar' on input line 48.


Package hyperref Warning: Token not allowed in a PDF string (PDFDocEncoding):
(hyperref)                removing `\<let>-command' on input line 48.


Package hyperref Warning: Token not allowed in a PDF string (PDFDocEncoding):
(hyperref)                removing `\<let>-command' on input line 48.


Package hyperref Warning: Token not allowed in a PDF string (PDFDocEncoding):
(hyperref)                removing `\afterassignment' on input line 48.


Package hyperref Warning: Token not allowed in a PDF string (PDFDocEncoding):
(hyperref)                removing `\<let>-command' on input line 48.


Package hyperref Warning: Token not allowed in a PDF string (PDFDocEncoding):
(hyperref)                removing `\<def>-command' on input line 48.


Package hyperref Warning: Token not allowed in a PDF string (PDFDocEncoding):
(hyperref)                removing `\@thanks' on input line 48.

LaTeX Font Info:    Font shape `T1/stix/bx/n' in size <8> not available
(Font)              Font shape `T1/stix/b/n' tried instead on input line 48.
LaTeX Font Info:    Font shape `T1/stix/bx/n' in size <10> not available
(Font)              Font shape `T1/stix/b/n' tried instead on input line 48.

Overfull \hbox (346.99213pt too wide) in paragraph at lines 48--48
[][] | || []|[][] 
 []

LaTeX Font Info:    Calculating math sizes for size <10.03749> on input line 48
.
LaTeX Font Info:    Calculating math sizes for size <7.5> on input line 48.
LaTeX Font Info:    Font shape `T1/stix/bx/n' in size <7.5> not available
(Font)              Font shape `T1/stix/b/n' tried instead on input line 50.

Overfull \vbox (6.46347pt too high) has occurred while \output is active []


[1{/usr/local/texlive/2017/texmf-var/fonts/map/pdftex/updmap/pdftex.map}

\openout3 = `wileyNJD-AMA.pag'.

]
<empty.pdf, id=27, 114.43155pt x 86.162pt>
LaTeX Font Info:    Try loading font information for T1+cmtt on input line 95.

(/usr/local/texlive/2017/texmf-dist/tex/latex/base/t1cmtt.fd
File: t1cmtt.fd 2014/09/29 v2.5h Standard LaTeX font definitions
)
LaTeX Font Info:    Font shape `T1/stix/bx/n' in size <10.03749> not available
(Font)              Font shape `T1/stix/b/n' tried instead on input line 96.
LaTeX Font Info:    Font shape `T1/stix/bx/n' in size <12> not available
(Font)              Font shape `T1/stix/b/n' tried instead on input line 117.
LaTeX Font Info:    Font shape `T1/stix/bx/n' in size <7> not available
(Font)              Font shape `T1/stix/b/n' tried instead on input line 125.
 [2] [3]
Overfull \hbox (16.5pt too wide) in paragraph at lines 192--192
[][] 
 []

[4] [5]
LaTeX Font Info:    Try loading font information for OMS+stix on input line 309
.
LaTeX Font Info:    No file OMSstix.fd. on input line 309.


LaTeX Font Warning: Font shape `OMS/stix/m/n' undefined
(Font)              using `OMS/cmsy/m/n' instead
(Font)              for symbol `textbullet' on input line 309.


Underfull \hbox (badness 10000) in paragraph at lines 328--329

 []

[6]

LaTeX Warning: The counter will not be printed.
             The label is:  on input line 369.

[7]
Overfull \hbox (8.03777pt too wide) detected at line 482
$\LS1/stix/m/it/10.03749 :\LS1/stix/m/n/10.03749 3691 <$ 
 []


Overfull \hbox (5.01874pt too wide) detected at line 483
$\LS1/stix/m/it/10.03749 :\LS1/stix/m/n/10.03749 6060£$ 
 []

Package hyperref Info: bookmark level for unknown algorithm defaults to 0 on in
put line 500.
[8] [9] [10] [11] [12]
Overfull \hbox (13.0pt too wide) in paragraph at lines 641--641
[] [] 
 []


Underfull \hbox (badness 10000) in paragraph at lines 645--646
[]\T1/stix/m/n/10.03749 for pro-gram codes with math. Based on the text pro-vid
ed inside the optional argu-ment of
 []

Package hyperref Info: bookmark level for unknown lstlisting defaults to 0 on i
nput line 647.
[13] [14] [15] (./wileyNJD-AMA.bbl [16]
Underfull \hbox (badness 1194) in paragraph at lines 14--18
[]\T1/stix/m/n/10.03749 Taylor GI, Green AE. Mech-a-nism of the pro-duc-tion of
 small eddies from large ones. \T1/stix/m/it/10.03749 P Roy Soc Lond A Mat.
 []


Underfull \hbox (badness 2229) in paragraph at lines 72--74
[]\T1/stix/m/n/10.03749 Lauritzen P, Erath C, Mit-tal R. On sim-pli-fy-ing `inc
re-men-tal remap'-based trans-port schemes. \T1/stix/m/it/10.03749 J Com-put Ph
ys.
 []


Underfull \hbox (badness 5388) in paragraph at lines 81--83
[]\T1/stix/m/n/10.03749 Dukowicz JK, Baum-gard-ner JR. Incre-men-tal remap-ping
 as a trans-port/ad-vec-tion algorithm. \T1/stix/m/it/10.03749 J Com-put Phys.
 []

[17]) [18]
Package atveryend Info: Empty hook `BeforeClearDocument' on input line 858.
 [19

]
Package atveryend Info: Empty hook `AfterLastShipout' on input line 858.
 (./wileyNJD-AMA.aux)
Package atveryend Info: Executing hook `AtVeryEndDocument' on input line 858.
Package atveryend Info: Empty hook `AtEndAfterFileList' on input line 858.


LaTeX Font Warning: Some font shapes were not available, defaults substituted.

Package atveryend Info: Empty hook `AtVeryVeryEnd' on input line 858.
 ) 
Here is how much of TeX's memory you used:
 14755 strings out of 492995
 207703 string characters out of 6132704
 318719 words of memory out of 5000000
 17940 multiletter control sequences out of 15000+600000
 153667 words of font info for 197 fonts, out of 8000000 for 9000
 1167 hyphenation exceptions out of 8191
 43i,13n,42p,1288b,881s stack positions out of 5000i,500n,10000p,200000b,80000s
pdfTeX warning (dest): name{Hfootnote.2} has been referenced but does not exi
st, replaced by a fixed one

pdfTeX warning (dest): name{Hfootnote.1} has been referenced but does not exist
, replaced by a fixed one

{/usr/local/texlive/2017/texmf-dist/fonts/enc/dvips/stix/stix-t1.enc}{/usr/loca
l/texlive/2017/texmf-dist/fonts/enc/dvips/cm-super/cm-super-t1.enc}</usr/local/
texlive/2017/texmf-dist/fonts/type1/public/stix/STIXGeneral-Bold.pfb></usr/loca
l/texlive/2017/texmf-dist/fonts/type1/public/stix/STIXGeneral-Italic.pfb></usr/
local/texlive/2017/texmf-dist/fonts/type1/public/stix/STIXGeneral-Regular.pfb><
/usr/local/texlive/2017/texmf-dist/fonts/type1/public/amsfonts/cm/cmsy10.pfb></
usr/local/texlive/2017/texmf-dist/fonts/type1/public/cm-super/sftt1000.pfb></us
r/local/texlive/2017/texmf-dist/fonts/type1/public/stix/stix-mathcal.pfb></usr/
local/texlive/2017/texmf-dist/fonts/type1/public/stix/stix-mathex.pfb></usr/loc
al/texlive/2017/texmf-dist/fonts/type1/public/stix/stix-mathit.pfb></usr/local/
texlive/2017/texmf-dist/fonts/type1/public/stix/stix-mathrm.pfb></usr/local/tex
live/2017/texmf-dist/fonts/type1/public/stix/stix-mathsf.pfb>
Output written on wileyNJD-AMA.pdf (19 pages, 256830 bytes).
PDF statistics:
 359 PDF objects out of 1000 (max. 8388607)
 323 compressed objects within 4 object streams
 103 named destinations out of 1000 (max. 500000)
 198 words of extra memory for PDF output out of 10000 (max. 10000000)

